0 info it worked if it ends with ok
1 verbose cli [ '/usr/local/bin/iojs', '/usr/local/bin/npm', 'publish' ]
2 info using npm@2.8.3
3 info using node@v1.8.1
4 verbose publish [ '.' ]
5 silly cache add args [ '.', null ]
6 verbose cache add spec .
7 silly cache add parsed spec { raw: '.',
7 silly cache add   scope: null,
7 silly cache add   name: null,
7 silly cache add   rawSpec: '.',
7 silly cache add   spec: '/home/victorqueiroz/Www/node-subdb',
7 silly cache add   type: 'directory' }
8 verbose addLocalDirectory /home/victorqueiroz/.npm/node-subdb/1.0.0/package.tgz not in flight; packing
9 verbose tar pack [ '/home/victorqueiroz/.npm/node-subdb/1.0.0/package.tgz',
9 verbose tar pack   '/home/victorqueiroz/Www/node-subdb' ]
10 verbose tarball /home/victorqueiroz/.npm/node-subdb/1.0.0/package.tgz
11 verbose folder /home/victorqueiroz/Www/node-subdb
12 info prepublish node-subdb@1.0.0
13 verbose addLocalTarball adding from inside cache /home/victorqueiroz/.npm/node-subdb/1.0.0/package.tgz
14 silly cache afterAdd node-subdb@1.0.0
15 verbose afterAdd /home/victorqueiroz/.npm/node-subdb/1.0.0/package/package.json not in flight; writing
16 verbose afterAdd /home/victorqueiroz/.npm/node-subdb/1.0.0/package/package.json written
17 silly publish { name: 'node-subdb',
17 silly publish   version: '1.0.0',
17 silly publish   description: '### Installation ``` npm install --save node-subdb ```',
17 silly publish   main: 'index.js',
17 silly publish   scripts: { test: 'echo "Error: no test specified" && exit 1' },
17 silly publish   author: '',
17 silly publish   license: 'ISC',
17 silly publish   dependencies: { lodash: '^3.8.0', q: '^1.3.0' },
17 silly publish   devDependencies: { chai: '^2.3.0', mocha: '^2.2.4', should: '^6.0.1' },
17 silly publish   readme: '# node-subdb\n\n### Installation\n```\nnpm install --save node-subdb\n```\n\n### Searching\n```js\nvar subdb = require(\'node-subdb\');\n\nsubdb.getHash(\'./test/dexter.mp4\').then(function (hash) {\n\treturn subdb.search(hash);\n}).then(function (r) {\n\tres.status(200).end(r);\n});\n```\n\n### Downloading\n```js\nvar subdb = require(\'node-subdb\');\n\nsubdb.getHash(\'./test/dexter.mp4\').then(function (hash) {\n\treturn subdb.download(hash);\n}).then(function (r) {\n\tres.status(200).end(r);\n});\n```',
17 silly publish   readmeFilename: 'README.md',
17 silly publish   gitHead: '3e9843614411bf2c47ed01d41ea204fd146f00c7',
17 silly publish   _id: 'node-subdb@1.0.0',
17 silly publish   _shasum: '57b981fde555fd89353c2302ea5a20bdedfc0e1e',
17 silly publish   _from: '.' }
18 silly mapToRegistry name node-subdb
19 silly mapToRegistry using default registry
20 silly mapToRegistry registry https://registry.npmjs.org/
21 silly mapToRegistry uri https://registry.npmjs.org/node-subdb
22 verbose publish registryBase https://registry.npmjs.org/
23 silly publish uploading /home/victorqueiroz/.npm/node-subdb/1.0.0/package.tgz
24 verbose request uri https://registry.npmjs.org/node-subdb
25 verbose request sending authorization for write operation
26 info attempt registry request try #1 at 21:41:48
27 verbose request using bearer token for auth
28 verbose request id 4e48e7794c60e0cd
29 http request PUT https://registry.npmjs.org/node-subdb
30 http 403 https://registry.npmjs.org/node-subdb
31 verbose headers { 'content-type': 'application/json',
31 verbose headers   'cache-control': 'max-age=60',
31 verbose headers   'content-length': '95',
31 verbose headers   'accept-ranges': 'bytes',
31 verbose headers   date: 'Mon, 04 May 2015 00:42:26 GMT',
31 verbose headers   via: '1.1 varnish',
31 verbose headers   connection: 'keep-alive',
31 verbose headers   'x-served-by': 'cache-iad2128-IAD',
31 verbose headers   'x-cache': 'MISS',
31 verbose headers   'x-cache-hits': '0',
31 verbose headers   'x-timer': 'S1430700110.855742,VS0,VE35815' }
32 verbose request invalidating /home/victorqueiroz/.npm/registry.npmjs.org/node-subdb on PUT
33 error publish Failed PUT 403
34 verbose stack Error: "You cannot publish over the previously published version 1.0.0." : node-subdb
34 verbose stack     at CachingRegistryClient.<anonymous> (/usr/local/lib/node_modules/npm/node_modules/npm-registry-client/lib/request.js:247:14)
34 verbose stack     at Request._callback (/usr/local/lib/node_modules/npm/node_modules/npm-registry-client/lib/request.js:170:14)
34 verbose stack     at Request.self.callback (/usr/local/lib/node_modules/npm/node_modules/request/request.js:368:22)
34 verbose stack     at emitTwo (events.js:87:13)
34 verbose stack     at Request.emit (events.js:169:7)
34 verbose stack     at Request.<anonymous> (/usr/local/lib/node_modules/npm/node_modules/request/request.js:1219:14)
34 verbose stack     at emitOne (events.js:82:20)
34 verbose stack     at Request.emit (events.js:166:7)
34 verbose stack     at IncomingMessage.<anonymous> (/usr/local/lib/node_modules/npm/node_modules/request/request.js:1167:12)
34 verbose stack     at emitNone (events.js:72:20)
35 verbose statusCode 403
36 verbose pkgid node-subdb
37 verbose cwd /home/victorqueiroz/Www/node-subdb
38 error Linux 3.16.0-4-amd64
39 error argv "/usr/local/bin/iojs" "/usr/local/bin/npm" "publish"
40 error node v1.8.1
41 error npm  v2.8.3
42 error code E403
43 error "You cannot publish over the previously published version 1.0.0." : node-subdb
44 error If you need help, you may report this error at:
44 error     <https://github.com/npm/npm/issues>
45 verbose exit [ 1, true ]
